#
# A fatal error has been detected by the Java Runtime Environment:
#
#  SIGSEGV (0xb) at pc=0x00007fff89ce74dd, pid=10952, tid=2571
#
# JRE version: Java(TM) SE Runtime Environment (8.0_77-b03) (build 1.8.0_77-b03)
# Java VM: Java HotSpot(TM) 64-Bit Server VM (25.77-b03 mixed mode bsd-amd64 compressed oops)
# Problematic frame:
# C  [libobjc.A.dylib+0x14dd]  objc_msgSend+0x1d
#
# Failed to write core dump. Core dumps have been disabled. To enable core dumping, try "ulimit -c unlimited" before starting Java again
#
# If you would like to submit a bug report, please visit:
#   http://bugreport.java.com/bugreport/crash.jsp
# The crash happened outside the Java Virtual Machine in native code.
# See problematic frame for where to report the bug.
#

---------------  T H R E A D  ---------------

Current thread (0x00007fb5090d0000):  JavaThread "AppKit Thread" daemon [_thread_in_native, id=2571, stack(0x00007fff50694000,0x00007fff50e94000)]

siginfo: si_signo: 11 (SIGSEGV), si_code: 1 (SEGV_MAPERR), si_addr: 0x000007fb508d1e30

Registers:
RAX=0x00007fb508d87ae0, RBX=0x00007fff50e8eda8, RCX=0x00007fb508c78108, RDX=0x00007fb508d7ea70
RSP=0x00007fff50e8ed68, RBP=0x00007fff50e8ed70, RSI=0x00007fff976922dd, RDI=0x00007fb508d87ae0
R8 =0x000000000000001f, R9 =0x00007fb508c65ad0, R10=0x00007fff976922dd, R11=0x000007fb508d1e18
R12=0x00007fb508d7ea70, R13=0x00007fb508c65ad0, R14=0x00007fb508c78100, R15=0x0000000000000000
RIP=0x00007fff89ce74dd, EFLAGS=0x0000000000010206, ERR=0x0000000000000004
  TRAPNO=0x000000000000000e

Top of Stack: (sp=0x00007fff50e8ed68)
0x00007fff50e8ed68:   00007fff8d75070c 00007fff50e8ed90
0x00007fff50e8ed78:   00007fff8d75067f 0000000000000000
0x00007fff50e8ed88:   0000000000000000 00007fff50e8ee00
0x00007fff50e8ed98:   00007fff8d74fd47 00007fff50e8edd0
0x00007fff50e8eda8:   00007fff71d4f0a0 0000000042000000
0x00007fff50e8edb8:   00007fff8d750640 00007fff73a4c720
0x00007fff50e8edc8:   00007fb508c65ad0 00007fb508d7ea70
0x00007fff50e8edd8:   00007fff50e8f5a8 00007fff73b79780
0x00007fff50e8ede8:   00007fff50e8f5a8 00007fb508c65ad0
0x00007fff50e8edf8:   00007fff8da88b0f 00007fff50e8ee40
0x00007fff50e8ee08:   00007fff8d74fab2 00007fff50e8f420
0x00007fff50e8ee18:   0000000000000001 00007fff73b79780
0x00007fff50e8ee28:   00007fff50e8f5a8 00007fff89ce74c0
0x00007fff50e8ee38:   00007fff8da88b0f 00007fff50e8f550
0x00007fff50e8ee48:   00007fff8d749d42 00007fb508f59c90
0x00007fff50e8ee58:   ffff804af70a6370 00007fff72c24d00
0x00007fff50e8ee68:   00007fb508f033f0 00007fb5098050b8
0x00007fff50e8ee78:   00007fb508d8dfe0 0000000000000000
0x00007fff50e8ee88:   0000000000000000 0000000000000000
0x00007fff50e8ee98:   00007fb508d8ed40 00007fff73a89bc0
0x00007fff50e8eea8:   00007fff50e8f420 0000000000000002
0x00007fff50e8eeb8:   0000000000000100 00007fff50e8ee00
0x00007fff50e8eec8:   00007fff50e8f320 0000000000000000
0x00007fff50e8eed8:   0000000000000100 00007fff50e8ef00
0x00007fff50e8eee8:   00007fff73b79780 0000000000000000
0x00007fff50e8eef8:   00007fff73a4d500 00007fff73b79780
0x00007fff50e8ef08:   0000000000000000 00007fff73a4d500
0x00007fff50e8ef18:   00007fff72c24d00 00007fff50e8ef90
0x00007fff50e8ef28:   00007fff89cee2a4 0000000000000000
0x00007fff50e8ef38:   00007fff72c25b10 0000000100000000
0x00007fff50e8ef48:   0000000000000000 ffff804af73b1570
0x00007fff50e8ef58:   00007fb508c7f0e0 00007fb508c7f200 

Instructions: (pc=0x00007fff89ce74dd)
0x00007fff89ce74bd:   44 00 00 48 85 ff 2e 74 62 40 f6 c7 01 2e 75 66
0x00007fff89ce74cd:   49 bb f8 ff ff ff ff 7f 00 00 4c 23 1f 49 89 f2
0x00007fff89ce74dd:   45 23 53 18 49 c1 e2 04 4d 03 53 10 49 3b 32 75
0x00007fff89ce74ed:   04 41 ff 62 08 49 83 3a 01 76 0d 49 83 c2 10 49 

Register to memory mapping:

RAX=0x00007fb508d87ae0 is an unknown value
RBX=0x00007fff50e8eda8 is pointing into the stack for thread: 0x00007fb5090d0000
RCX=0x00007fb508c78108 is an unknown value
RDX=0x00007fb508d7ea70 is an unknown value
RSP=0x00007fff50e8ed68 is pointing into the stack for thread: 0x00007fb5090d0000
RBP=0x00007fff50e8ed70 is pointing into the stack for thread: 0x00007fb5090d0000
RSI=0x00007fff976922dd: -[NSTitlebarContainerView transparent]+0x630c5 in /System/Library/Frameworks/AppKit.framework/Versions/C/AppKit at 0x00007fff96c0a000
RDI=0x00007fb508d87ae0 is an unknown value
R8 =0x000000000000001f is an unknown value
R9 =0x00007fb508c65ad0 is an unknown value
R10=0x00007fff976922dd: -[NSTitlebarContainerView transparent]+0x630c5 in /System/Library/Frameworks/AppKit.framework/Versions/C/AppKit at 0x00007fff96c0a000
R11=0x000007fb508d1e18 is an unknown value
R12=0x00007fb508d7ea70 is an unknown value
R13=0x00007fb508c65ad0 is an unknown value
R14=0x00007fb508c78100 is an unknown value
R15=0x0000000000000000 is an unknown value


Stack: [0x00007fff50694000,0x00007fff50e94000],  sp=0x00007fff50e8ed68,  free space=8171k
Native frames: (J=compiled Java code, j=interpreted, Vv=VM code, C=native code)
C  [libobjc.A.dylib+0x14dd]  objc_msgSend+0x1d
C  [CoreFoundation+0x12867f]  ___CFXRegistrationPost_block_invoke+0x3f
C  [CoreFoundation+0x127d47]  _CFXRegistrationPost+0x197
C  [CoreFoundation+0x127ab2]  ___CFXNotificationPost_block_invoke+0x32
C  [CoreFoundation+0x121d42]  -[_CFXNotificationRegistrar find:object:observer:enumerator:]+0x782
C  [CoreFoundation+0x10145]  _CFXNotificationPost+0x2b5
C  [Foundation+0x7921]  -[NSNotificationCenter postNotificationName:object:userInfo:]+0x42
C  [AppKit+0x4037c]  -[NSSurface _disposeSurface]+0xa9
C  [AppKit+0x3fdd5]  -[NSSurface setWindow:]+0x42
C  [AppKit+0x30e6f]  -[NSView _setWindow:]+0x9be
C  [AppKit+0x656eb]  -[NSView removeFromSuperview]+0x1d7
C  [AppKit+0x13bc1f]  -[NSView removeFromSuperviewWithoutNeedingDisplay]+0x26
C  [liblwjgl.jnilib+0x9c3e]  +[MacOSXKeyableWindow destroyWindow]+0xde
C  [Foundation+0x8dd4b]  __NSThreadPerformPerform+0x117
C  [CoreFoundation+0x7e5c1]  __CFRUNLOOP_IS_CALLING_OUT_TO_A_SOURCE0_PERFORM_FUNCTION__+0x11
C  [CoreFoundation+0x7041c]  __CFRunLoopDoSources0+0x22c
C  [CoreFoundation+0x6f93f]  __CFRunLoopRun+0x39f
C  [CoreFoundation+0x6f338]  CFRunLoopRunSpecific+0x128
C  [HIToolbox+0x30935]  RunCurrentEventLoopInMode+0xeb
C  [HIToolbox+0x3076f]  ReceiveNextEventCommon+0x1b0
C  [HIToolbox+0x305af]  _BlockUntilNextEventMatchingListInModeWithFilter+0x47
C  [AppKit+0x8a0ee]  _DPSNextEvent+0x42b
C  [AppKit+0x456943]  -[NSApplication _nextEventMatchingEventMask:untilDate:inMode:dequeue:]+0x1c6
C  [libosxapp.dylib+0x23aa]  -[NSApplicationAWT nextEventMatchingMask:untilDate:inMode:dequeue:]+0x7c
C  [AppKit+0x7ffc8]  -[NSApplication run]+0x2aa
C  [libosxapp.dylib+0x214d]  +[NSApplicationAWT runAWTLoopWithApp:]+0x9c
C  [libawt_lwawt.dylib+0x4455b]  -[AWTStarter starter:]+0x389
C  [Foundation+0x8dd4b]  __NSThreadPerformPerform+0x117
C  [CoreFoundation+0x7e5c1]  __CFRUNLOOP_IS_CALLING_OUT_TO_A_SOURCE0_PERFORM_FUNCTION__+0x11
C  [CoreFoundation+0x7041c]  __CFRunLoopDoSources0+0x22c
C  [CoreFoundation+0x6f93f]  __CFRunLoopRun+0x39f
C  [CoreFoundation+0x6f338]  CFRunLoopRunSpecific+0x128
C  [java+0x6463]  CreateExecutionEnvironment+0x367
C  [java+0x21ac]  JLI_Launch+0x7a0
C  [java+0x84c0]  main+0x65
C  [java+0x1a04]  start+0x34
C  0x0000000000000006


---------------  P R O C E S S  ---------------

Java Threads: ( => current thread )
  0x00007fb509067800 JavaThread "AWT-Shutdown" [_thread_blocked, id=12819, stack(0x0000700000932000,0x0000700000a32000)]
=>0x00007fb5090d0000 JavaThread "AppKit Thread" daemon [_thread_in_native, id=2571, stack(0x00007fff50694000,0x00007fff50e94000)]
  0x00007fb509823000 JavaThread "Service Thread" daemon [_thread_blocked, id=18947, stack(0x0000700000ec7000,0x0000700000fc7000)]
  0x00007fb509822000 JavaThread "C1 CompilerThread2" daemon [_thread_blocked, id=18435, stack(0x0000700000dc4000,0x0000700000ec4000)]
  0x00007fb509819000 JavaThread "C2 CompilerThread1" daemon [_thread_blocked, id=17923, stack(0x0000700000cc1000,0x0000700000dc1000)]
  0x00007fb509038000 JavaThread "C2 CompilerThread0" daemon [_thread_blocked, id=17411, stack(0x0000700000bbe000,0x0000700000cbe000)]
  0x00007fb509037000 JavaThread "Signal Dispatcher" daemon [_thread_blocked, id=16659, stack(0x0000700000abb000,0x0000700000bbb000)]
  0x00007fb509817800 JavaThread "Finalizer" daemon [_thread_blocked, id=12291, stack(0x000070000082f000,0x000070000092f000)]
  0x00007fb509814800 JavaThread "Reference Handler" daemon [_thread_blocked, id=11779, stack(0x000070000072c000,0x000070000082c000)]
  0x00007fb509808000 JavaThread "main" [_thread_in_native, id=4099, stack(0x0000700000084000,0x0000700000184000)]

Other Threads:
  0x00007fb509012800 VMThread [stack: 0x0000700000629000,0x0000700000729000] [id=11267]
  0x00007fb50a835000 WatcherThread [stack: 0x0000700000fca000,0x00007000010ca000] [id=19459]

VM state:not at safepoint (normal execution)

VM Mutex/Monitor currently owned by a thread: None

Heap:
 PSYoungGen      total 38400K, used 25823K [0x0000000795580000, 0x0000000798000000, 0x00000007c0000000)
  eden space 33280K, 68% used [0x0000000795580000,0x0000000796bc1098,0x0000000797600000)
  from space 5120K, 59% used [0x0000000797600000,0x00000007978f6ec8,0x0000000797b00000)
  to   space 5120K, 0% used [0x0000000797b00000,0x0000000797b00000,0x0000000798000000)
 ParOldGen       total 87552K, used 8K [0x0000000740000000, 0x0000000745580000, 0x0000000795580000)
  object space 87552K, 0% used [0x0000000740000000,0x0000000740002000,0x0000000745580000)
 Metaspace       used 6947K, capacity 7107K, committed 7168K, reserved 1056768K
  class space    used 679K, capacity 760K, committed 768K, reserved 1048576K

Card table byte_map: [0x000000011fbc0000,0x000000011ffc1000] byte_map_base: 0x000000011c1c0000

Marking Bits: (ParMarkBitMap*) 0x000000010f8cbea0
 Begin Bits: [0x000000012026c000, 0x000000012226c000)
 End Bits:   [0x000000012226c000, 0x000000012426c000)

Polling page: 0x000000010ffbe000

CodeCache: size=245760Kb used=3450Kb max_used=3461Kb free=242309Kb
 bounds [0x0000000110800000, 0x0000000110b70000, 0x000000011f800000]
 total_blobs=1252 nmethods=847 adapters=319
 compilation: enabled

Compilation events (10 events):
Event: 53.590 Thread 0x00007fb509822000  844       3       java.util.IdentityHashMap::isEmpty (13 bytes)
Event: 53.591 Thread 0x00007fb509822000 nmethod 844 0x0000000110b49cd0 code [0x0000000110b49e40, 0x0000000110b49ff0]
Event: 53.897 Thread 0x00007fb509822000  845       1       java.nio.HeapByteBuffer::ix (7 bytes)
Event: 53.897 Thread 0x00007fb509822000 nmethod 845 0x0000000110b49a10 code [0x0000000110b49b60, 0x0000000110b49c70]
Event: 54.566 Thread 0x00007fb509822000  846       3       java.nio.Buffer::nextPutIndex (38 bytes)
Event: 54.566 Thread 0x00007fb509822000 nmethod 846 0x0000000110b38c90 code [0x0000000110b38e00, 0x0000000110b39028]
Event: 54.587 Thread 0x00007fb509822000  847  s    3       org.lwjgl.opengl.EventQueue::copyEvents (77 bytes)
Event: 54.587 Thread 0x00007fb509822000 nmethod 847 0x0000000110b37d10 code [0x0000000110b37ee0, 0x0000000110b389b8]
Event: 54.734 Thread 0x00007fb509819000  848       4       java.nio.DirectByteBuffer::put (18 bytes)
Event: 54.735 Thread 0x00007fb509819000 nmethod 848 0x0000000110b4c250 code [0x0000000110b4c3a0, 0x0000000110b4c458]

GC Heap History (2 events):
Event: 0.988 GC heap before
{Heap before GC invocations=1 (full 0):
 PSYoungGen      total 38400K, used 33280K [0x0000000795580000, 0x0000000798000000, 0x00000007c0000000)
  eden space 33280K, 100% used [0x0000000795580000,0x0000000797600000,0x0000000797600000)
  from space 5120K, 0% used [0x0000000797b00000,0x0000000797b00000,0x0000000798000000)
  to   space 5120K, 0% used [0x0000000797600000,0x0000000797600000,0x0000000797b00000)
 ParOldGen       total 87552K, used 0K [0x0000000740000000, 0x0000000745580000, 0x0000000795580000)
  object space 87552K, 0% used [0x0000000740000000,0x0000000740000000,0x0000000745580000)
 Metaspace       used 6724K, capacity 6883K, committed 7168K, reserved 1056768K
  class space    used 667K, capacity 728K, committed 768K, reserved 1048576K
Event: 0.996 GC heap after
Heap after GC invocations=1 (full 0):
 PSYoungGen      total 38400K, used 3035K [0x0000000795580000, 0x0000000798000000, 0x00000007c0000000)
  eden space 33280K, 0% used [0x0000000795580000,0x0000000795580000,0x0000000797600000)
  from space 5120K, 59% used [0x0000000797600000,0x00000007978f6ec8,0x0000000797b00000)
  to   space 5120K, 0% used [0x0000000797b00000,0x0000000797b00000,0x0000000798000000)
 ParOldGen       total 87552K, used 8K [0x0000000740000000, 0x0000000745580000, 0x0000000795580000)
  object space 87552K, 0% used [0x0000000740000000,0x0000000740002000,0x0000000745580000)
 Metaspace       used 6724K, capacity 6883K, committed 7168K, reserved 1056768K
  class space    used 667K, capacity 728K, committed 768K, reserved 1048576K
}

Deoptimization events (9 events):
Event: 0.670 Thread 0x00007fb509808000 Uncommon trap: reason=unstable_if action=reinterpret pc=0x000000011098d5dc method=java.lang.String.replace(CC)Ljava/lang/String; @ 26
Event: 0.841 Thread 0x00007fb509808000 Uncommon trap: reason=unstable_if action=reinterpret pc=0x0000000110a36d1c method=sun.misc.FloatingDecimal.readJavaFormatString(Ljava/lang/String;)Lsun/misc/FloatingDecimal$ASCIIToBinaryConverter; @ 169
Event: 0.841 Thread 0x00007fb509808000 Uncommon trap: reason=unstable_if action=reinterpret pc=0x0000000110a093c0 method=sun.misc.FloatingDecimal$ASCIIToBinaryBuffer.floatValue()F @ 70
Event: 0.858 Thread 0x00007fb509808000 Uncommon trap: reason=predicate action=maybe_recompile pc=0x0000000110a34d28 method=java.util.AbstractCollection.toArray([Ljava/lang/Object;)[Ljava/lang/Object; @ 49
Event: 0.901 Thread 0x00007fb509808000 Uncommon trap: reason=array_check action=maybe_recompile pc=0x0000000110a60c58 method=java.util.AbstractCollection.toArray([Ljava/lang/Object;)[Ljava/lang/Object; @ 119
Event: 0.901 Thread 0x00007fb509808000 Uncommon trap: reason=array_check action=maybe_recompile pc=0x0000000110a60c58 method=java.util.AbstractCollection.toArray([Ljava/lang/Object;)[Ljava/lang/Object; @ 119
Event: 0.901 Thread 0x00007fb509808000 Uncommon trap: reason=array_check action=maybe_recompile pc=0x0000000110a60c58 method=java.util.AbstractCollection.toArray([Ljava/lang/Object;)[Ljava/lang/Object; @ 119
Event: 0.901 Thread 0x00007fb509808000 Uncommon trap: reason=array_check action=maybe_recompile pc=0x0000000110a60c58 method=java.util.AbstractCollection.toArray([Ljava/lang/Object;)[Ljava/lang/Object; @ 119
Event: 54.053 Thread 0x00007fb509808000 Uncommon trap: reason=unstable_if action=reinterpret pc=0x0000000110b3c97c method=org.lwjgl.opengl.EventQueue.copyEvents(Ljava/nio/ByteBuffer;)V @ 27

Internal exceptions (10 events):
Event: 0.033 Thread 0x00007fb509808000 Exception <a 'java/lang/NoSuchMethodError': Method sun.misc.Unsafe.defineClass(Ljava/lang/String;[BII)Ljava/lang/Class; name or signature does not match> (0x0000000795587cc0) thrown at [/Users/java_re/workspace/8-2-build-macosx-x86_64/jdk8u77/6540/hotspot
Event: 0.033 Thread 0x00007fb509808000 Exception <a 'java/lang/NoSuchMethodError': Method sun.misc.Unsafe.prefetchRead(Ljava/lang/Object;J)V name or signature does not match> (0x0000000795587fa8) thrown at [/Users/java_re/workspace/8-2-build-macosx-x86_64/jdk8u77/6540/hotspot/src/share/vm/prim
Event: 0.138 Thread 0x00007fb509808000 Exception <a 'java/security/PrivilegedActionException'> (0x000000079574abd0) thrown at [/Users/java_re/workspace/8-2-build-macosx-x86_64/jdk8u77/6540/hotspot/src/share/vm/prims/jvm.cpp, line 1386]
Event: 0.138 Thread 0x00007fb509808000 Exception <a 'java/security/PrivilegedActionException'> (0x000000079574ade0) thrown at [/Users/java_re/workspace/8-2-build-macosx-x86_64/jdk8u77/6540/hotspot/src/share/vm/prims/jvm.cpp, line 1386]
Event: 0.139 Thread 0x00007fb509808000 Exception <a 'java/security/PrivilegedActionException'> (0x000000079574e268) thrown at [/Users/java_re/workspace/8-2-build-macosx-x86_64/jdk8u77/6540/hotspot/src/share/vm/prims/jvm.cpp, line 1386]
Event: 0.139 Thread 0x00007fb509808000 Exception <a 'java/security/PrivilegedActionException'> (0x000000079574e478) thrown at [/Users/java_re/workspace/8-2-build-macosx-x86_64/jdk8u77/6540/hotspot/src/share/vm/prims/jvm.cpp, line 1386]
Event: 0.200 Thread 0x00007fb509808000 Exception <a 'java/lang/NoSuchFieldError': method resolution failed> (0x000000079581ba38) thrown at [/Users/java_re/workspace/8-2-build-macosx-x86_64/jdk8u77/6540/hotspot/src/share/vm/prims/methodHandles.cpp, line 1146]
Event: 0.205 Thread 0x00007fb509808000 Exception <a 'java/lang/NoSuchFieldError': method resolution failed> (0x0000000795829188) thrown at [/Users/java_re/workspace/8-2-build-macosx-x86_64/jdk8u77/6540/hotspot/src/share/vm/prims/methodHandles.cpp, line 1146]
Event: 0.385 Thread 0x00007fb509808000 Exception <a 'java/io/FileNotFoundException'> (0x00000007958a4380) thrown at [/Users/java_re/workspace/8-2-build-macosx-x86_64/jdk8u77/6540/hotspot/src/share/vm/prims/jni.cpp, line 709]
Event: 0.385 Thread 0x00007fb509808000 Exception <a 'java/io/FileNotFoundException'> (0x00000007958a4f08) thrown at [/Users/java_re/workspace/8-2-build-macosx-x86_64/jdk8u77/6540/hotspot/src/share/vm/prims/jni.cpp, line 709]

Events (10 events):
Event: 30.307 Thread 0x00007fb50981a000 Thread added: 0x00007fb50981a000
Event: 31.312 Executing VM operation: RevokeBias
Event: 31.313 Executing VM operation: RevokeBias done
Event: 31.313 Thread 0x00007fb50981a000 Thread exited: 0x00007fb50981a000
Event: 52.005 Thread 0x00007fb509067800 Thread added: 0x00007fb509067800
Event: 54.053 Thread 0x00007fb509808000 Uncommon trap: trap_request=0xffffff65 fr.pc=0x0000000110b3c97c
Event: 54.053 Thread 0x00007fb509808000 DEOPT PACKING pc=0x0000000110b3c97c sp=0x0000700000183790
Event: 54.053 Thread 0x00007fb509808000 DEOPT UNPACKING pc=0x0000000110805229 sp=0x0000700000183748 mode 2
Event: 54.733 loading class org/lwjgl/opengl/CallbackUtil
Event: 54.733 loading class org/lwjgl/opengl/CallbackUtil done


Dynamic libraries:
0x0000000001314000 	/System/Library/Frameworks/Cocoa.framework/Versions/A/Cocoa
0x0000000001314000 	/System/Library/Frameworks/Security.framework/Versions/A/Security
0x0000000001314000 	/System/Library/Frameworks/ApplicationServices.framework/Versions/A/ApplicationServices
0x0000000001314000 	/usr/lib/libz.1.dylib
0x0000000001314000 	/usr/lib/libSystem.B.dylib
0x0000000001314000 	/usr/lib/libobjc.A.dylib
0x0000000001314000 	/System/Library/Frameworks/CoreFoundation.framework/Versions/A/CoreFoundation
0x0000000001314000 	/System/Library/Frameworks/Foundation.framework/Versions/C/Foundation
0x0000000001314000 	/System/Library/Frameworks/AppKit.framework/Versions/C/AppKit
0x0000000001314000 	/System/Library/Frameworks/CoreData.framework/Versions/A/CoreData
0x0000000001314000 	/System/Library/PrivateFrameworks/RemoteViewServices.framework/Versions/A/RemoteViewServices
0x0000000001314000 	/System/Library/PrivateFrameworks/UIFoundation.framework/Versions/A/UIFoundation
0x0000000001314000 	/usr/lib/libScreenReader.dylib
0x0000000001314000 	/System/Library/Frameworks/Accelerate.framework/Versions/A/Accelerate
0x0000000001314000 	/System/Library/Frameworks/IOSurface.framework/Versions/A/IOSurface
0x0000000001314000 	/System/Library/Frameworks/AudioToolbox.framework/Versions/A/AudioToolbox
0x0000000001314000 	/System/Library/Frameworks/AudioUnit.framework/Versions/A/AudioUnit
0x0000000001314000 	/System/Library/PrivateFrameworks/DataDetectorsCore.framework/Versions/A/DataDetectorsCore
0x0000000001314000 	/System/Library/PrivateFrameworks/DesktopServicesPriv.framework/Versions/A/DesktopServicesPriv
0x0000000001314000 	/System/Library/Frameworks/Carbon.framework/Versions/A/Frameworks/HIToolbox.framework/Versions/A/HIToolbox
0x0000000001314000 	/System/Library/Frameworks/QuartzCore.framework/Versions/A/QuartzCore
0x0000000001314000 	/System/Library/Frameworks/Carbon.framework/Versions/A/Frameworks/SpeechRecognition.framework/Versions/A/SpeechRecognition
0x0000000001314000 	/usr/lib/libauto.dylib
0x0000000001314000 	/usr/lib/libicucore.A.dylib
0x0000000001314000 	/usr/lib/libxml2.2.dylib
0x0000000001314000 	/System/Library/PrivateFrameworks/CoreUI.framework/Versions/A/CoreUI
0x0000000001314000 	/System/Library/Frameworks/CoreAudio.framework/Versions/A/CoreAudio
0x0000000001314000 	/System/Library/Frameworks/DiskArbitration.framework/Versions/A/DiskArbitration
0x0000000001314000 	/usr/lib/liblangid.dylib
0x0000000001314000 	/System/Library/PrivateFrameworks/MultitouchSupport.framework/Versions/A/MultitouchSupport
0x0000000001314000 	/System/Library/Frameworks/IOKit.framework/Versions/A/IOKit
0x0000000001314000 	/usr/lib/libDiagnosticMessagesClient.dylib
0x0000000001314000 	/System/Library/Frameworks/CoreServices.framework/Versions/A/CoreServices
0x0000000001314000 	/System/Library/PrivateFrameworks/PerformanceAnalysis.framework/Versions/A/PerformanceAnalysis
0x0000000001314000 	/System/Library/PrivateFrameworks/GenerationalStorage.framework/Versions/A/GenerationalStorage
0x0000000001314000 	/System/Library/Frameworks/OpenGL.framework/Versions/A/OpenGL
0x0000000001314000 	/System/Library/PrivateFrameworks/Sharing.framework/Versions/A/Sharing
0x0000000001314000 	/System/Library/Frameworks/CoreGraphics.framework/Versions/A/CoreGraphics
0x0000000001314000 	/System/Library/Frameworks/CoreImage.framework/Versions/A/CoreImage
0x0000000001314000 	/System/Library/Frameworks/CoreText.framework/Versions/A/CoreText
0x0000000001314000 	/System/Library/Frameworks/ImageIO.framework/Versions/A/ImageIO
0x0000000001314000 	/System/Library/PrivateFrameworks/Backup.framework/Versions/A/Backup
0x0000000001314000 	/usr/lib/libextension.dylib
0x0000000001314000 	/usr/lib/libarchive.2.dylib
0x0000000001314000 	/System/Library/Frameworks/CFNetwork.framework/Versions/A/CFNetwork
0x0000000001314000 	/System/Library/Frameworks/SystemConfiguration.framework/Versions/A/SystemConfiguration
0x0000000001314000 	/usr/lib/libCRFSuite.dylib
0x0000000001314000 	/usr/lib/libc++.1.dylib
0x0000000001314000 	/usr/lib/libc++abi.dylib
0x0000000001314000 	/usr/lib/system/libcache.dylib
0x0000000001314000 	/usr/lib/system/libcommonCrypto.dylib
0x0000000001314000 	/usr/lib/system/libcompiler_rt.dylib
0x0000000001314000 	/usr/lib/system/libcopyfile.dylib
0x0000000001314000 	/usr/lib/system/libcorecrypto.dylib
0x0000000001314000 	/usr/lib/system/libdispatch.dylib
0x0000000001314000 	/usr/lib/system/libdyld.dylib
0x0000000001314000 	/usr/lib/system/libkeymgr.dylib
0x0000000001314000 	/usr/lib/system/liblaunch.dylib
0x0000000001314000 	/usr/lib/system/libmacho.dylib
0x0000000001314000 	/usr/lib/system/libquarantine.dylib
0x0000000001314000 	/usr/lib/system/libremovefile.dylib
0x0000000001314000 	/usr/lib/system/libsystem_asl.dylib
0x0000000001314000 	/usr/lib/system/libsystem_blocks.dylib
0x0000000001314000 	/usr/lib/system/libsystem_c.dylib
0x0000000001314000 	/usr/lib/system/libsystem_configuration.dylib
0x0000000001314000 	/usr/lib/system/libsystem_coreservices.dylib
0x0000000001314000 	/usr/lib/system/libsystem_coretls.dylib
0x0000000001314000 	/usr/lib/system/libsystem_dnssd.dylib
0x0000000001314000 	/usr/lib/system/libsystem_info.dylib
0x0000000001314000 	/usr/lib/system/libsystem_kernel.dylib
0x0000000001314000 	/usr/lib/system/libsystem_m.dylib
0x0000000001314000 	/usr/lib/system/libsystem_malloc.dylib
0x0000000001314000 	/usr/lib/system/libsystem_network.dylib
0x0000000001314000 	/usr/lib/system/libsystem_networkextension.dylib
0x0000000001314000 	/usr/lib/system/libsystem_notify.dylib
0x0000000001314000 	/usr/lib/system/libsystem_platform.dylib
0x0000000001314000 	/usr/lib/system/libsystem_pthread.dylib
0x0000000001314000 	/usr/lib/system/libsystem_sandbox.dylib
0x0000000001314000 	/usr/lib/system/libsystem_secinit.dylib
0x0000000001314000 	/usr/lib/system/libsystem_trace.dylib
0x0000000001314000 	/usr/lib/system/libunc.dylib
0x0000000001314000 	/usr/lib/system/libunwind.dylib
0x0000000001314000 	/usr/lib/system/libxpc.dylib
0x0000000001314000 	/usr/lib/libenergytrace.dylib
0x0000000001314000 	/usr/lib/libbsm.0.dylib
0x0000000001314000 	/usr/lib/system/libkxld.dylib
0x0000000001314000 	/usr/lib/libxar.1.dylib
0x0000000001314000 	/usr/lib/libsqlite3.dylib
0x0000000001314000 	/usr/lib/libpam.2.dylib
0x0000000001314000 	/usr/lib/libOpenScriptingUtil.dylib
0x0000000001314000 	/usr/lib/libbz2.1.0.dylib
0x0000000001314000 	/usr/lib/liblzma.5.dylib
0x0000000001314000 	/System/Library/Frameworks/CoreServices.framework/Versions/A/Frameworks/FSEvents.framework/Versions/A/FSEvents
0x0000000001314000 	/System/Library/Frameworks/CoreServices.framework/Versions/A/Frameworks/CarbonCore.framework/Versions/A/CarbonCore
0x0000000001314000 	/System/Library/Frameworks/CoreServices.framework/Versions/A/Frameworks/Metadata.framework/Versions/A/Metadata
0x0000000001314000 	/System/Library/Frameworks/CoreServices.framework/Versions/A/Frameworks/OSServices.framework/Versions/A/OSServices
0x0000000001314000 	/System/Library/Frameworks/CoreServices.framework/Versions/A/Frameworks/SearchKit.framework/Versions/A/SearchKit
0x0000000001314000 	/System/Library/Frameworks/CoreServices.framework/Versions/A/Frameworks/AE.framework/Versions/A/AE
0x0000000001314000 	/System/Library/Frameworks/CoreServices.framework/Versions/A/Frameworks/LaunchServices.framework/Versions/A/LaunchServices
0x0000000001314000 	/System/Library/Frameworks/CoreServices.framework/Versions/A/Frameworks/DictionaryServices.framework/Versions/A/DictionaryServices
0x0000000001314000 	/System/Library/Frameworks/CoreServices.framework/Versions/A/Frameworks/SharedFileList.framework/Versions/A/SharedFileList
0x0000000001314000 	/System/Library/Frameworks/NetFS.framework/Versions/A/NetFS
0x0000000001314000 	/System/Library/PrivateFrameworks/NetAuth.framework/Versions/A/NetAuth
0x0000000001314000 	/System/Library/PrivateFrameworks/login.framework/Versions/A/Frameworks/loginsupport.framework/Versions/A/loginsupport
0x0000000001314000 	/System/Library/PrivateFrameworks/TCC.framework/Versions/A/TCC
0x0000000001314000 	/usr/lib/libmecabra.dylib
0x0000000001314000 	/System/Library/Frameworks/ApplicationServices.framework/Versions/A/Frameworks/ATS.framework/Versions/A/ATS
0x0000000001314000 	/System/Library/Frameworks/ApplicationServices.framework/Versions/A/Frameworks/ColorSync.framework/Versions/A/ColorSync
0x0000000001314000 	/System/Library/Frameworks/ApplicationServices.framework/Versions/A/Frameworks/HIServices.framework/Versions/A/HIServices
0x0000000001314000 	/System/Library/Frameworks/ApplicationServices.framework/Versions/A/Frameworks/LangAnalysis.framework/Versions/A/LangAnalysis
0x0000000001314000 	/System/Library/Frameworks/ApplicationServices.framework/Versions/A/Frameworks/PrintCore.framework/Versions/A/PrintCore
0x0000000001314000 	/System/Library/Frameworks/ApplicationServices.framework/Versions/A/Frameworks/QD.framework/Versions/A/QD
0x0000000001314000 	/System/Library/Frameworks/ApplicationServices.framework/Versions/A/Frameworks/SpeechSynthesis.framework/Versions/A/SpeechSynthesis
0x0000000001314000 	/System/Library/Frameworks/Metal.framework/Versions/A/Metal
0x0000000001314000 	/System/Library/Frameworks/Accelerate.framework/Versions/A/Frameworks/vImage.framework/Versions/A/vImage
0x0000000001314000 	/System/Library/Frameworks/Accelerate.framework/Versions/A/Frameworks/vecLib.framework/Versions/A/vecLib
0x0000000001314000 	/System/Library/Frameworks/Accelerate.framework/Versions/A/Frameworks/vecLib.framework/Versions/A/libvDSP.dylib
0x0000000001314000 	/System/Library/Frameworks/Accelerate.framework/Versions/A/Frameworks/vecLib.framework/Versions/A/libvMisc.dylib
0x0000000001314000 	/System/Library/Frameworks/Accelerate.framework/Versions/A/Frameworks/vecLib.framework/Versions/A/libLAPACK.dylib
0x0000000001314000 	/System/Library/Frameworks/Accelerate.framework/Versions/A/Frameworks/vecLib.framework/Versions/A/libBLAS.dylib
0x0000000001314000 	/System/Library/Frameworks/Accelerate.framework/Versions/A/Frameworks/vecLib.framework/Versions/A/libLinearAlgebra.dylib
0x0000000001314000 	/System/Library/Frameworks/Accelerate.framework/Versions/A/Frameworks/vecLib.framework/Versions/A/libSparseBLAS.dylib
0x0000000001314000 	/System/Library/PrivateFrameworks/GPUCompiler.framework/libmetal_timestamp.dylib
0x0000000001314000 	/System/Library/Frameworks/OpenGL.framework/Versions/A/Libraries/libCoreFSCache.dylib
0x0000000001314000 	/System/Library/PrivateFrameworks/IOAccelerator.framework/Versions/A/IOAccelerator
0x0000000001314000 	/System/Library/Frameworks/ApplicationServices.framework/Versions/A/Frameworks/ATS.framework/Versions/A/Resources/libFontParser.dylib
0x0000000001314000 	/System/Library/Frameworks/ApplicationServices.framework/Versions/A/Frameworks/ATS.framework/Versions/A/Resources/libFontRegistry.dylib
0x0000000001314000 	/System/Library/PrivateFrameworks/AppleVPA.framework/Versions/A/AppleVPA
0x0000000001314000 	/System/Library/PrivateFrameworks/AppleJPEG.framework/Versions/A/AppleJPEG
0x0000000001314000 	/System/Library/Frameworks/ImageIO.framework/Versions/A/Resources/libJPEG.dylib
0x0000000001314000 	/System/Library/Frameworks/ImageIO.framework/Versions/A/Resources/libTIFF.dylib
0x0000000001314000 	/System/Library/Frameworks/ImageIO.framework/Versions/A/Resources/libPng.dylib
0x0000000001314000 	/System/Library/Frameworks/ImageIO.framework/Versions/A/Resources/libGIF.dylib
0x0000000001314000 	/System/Library/Frameworks/ImageIO.framework/Versions/A/Resources/libJP2.dylib
0x0000000001314000 	/System/Library/Frameworks/ImageIO.framework/Versions/A/Resources/libRadiance.dylib
0x0000000001314000 	/System/Library/Frameworks/CoreVideo.framework/Versions/A/CoreVideo
0x0000000001314000 	/System/Library/Frameworks/OpenGL.framework/Versions/A/Libraries/libGLU.dylib
0x0000000001314000 	/System/Library/Frameworks/OpenGL.framework/Versions/A/Libraries/libGFXShared.dylib
0x0000000001314000 	/System/Library/Frameworks/OpenGL.framework/Versions/A/Libraries/libGL.dylib
0x0000000001314000 	/System/Library/Frameworks/OpenGL.framework/Versions/A/Libraries/libGLImage.dylib
0x0000000001314000 	/System/Library/Frameworks/OpenGL.framework/Versions/A/Libraries/libCVMSPluginSupport.dylib
0x0000000001314000 	/System/Library/Frameworks/OpenGL.framework/Versions/A/Libraries/libCoreVMClient.dylib
0x0000000001314000 	/usr/lib/libcups.2.dylib
0x0000000001314000 	/System/Library/Frameworks/Kerberos.framework/Versions/A/Kerberos
0x0000000001314000 	/System/Library/Frameworks/GSS.framework/Versions/A/GSS
0x0000000001314000 	/usr/lib/libresolv.9.dylib
0x0000000001314000 	/usr/lib/libiconv.2.dylib
0x0000000001314000 	/System/Library/PrivateFrameworks/Heimdal.framework/Versions/A/Heimdal
0x0000000001314000 	/usr/lib/libheimdal-asn1.dylib
0x0000000001314000 	/System/Library/Frameworks/OpenDirectory.framework/Versions/A/OpenDirectory
0x0000000001314000 	/System/Library/PrivateFrameworks/CommonAuth.framework/Versions/A/CommonAuth
0x0000000001314000 	/System/Library/Frameworks/OpenDirectory.framework/Versions/A/Frameworks/CFOpenDirectory.framework/Versions/A/CFOpenDirectory
0x0000000001314000 	/System/Library/Frameworks/SecurityFoundation.framework/Versions/A/SecurityFoundation
0x0000000001314000 	/System/Library/PrivateFrameworks/LanguageModeling.framework/Versions/A/LanguageModeling
0x0000000001314000 	/usr/lib/libmarisa.dylib
0x0000000001314000 	/usr/lib/libChineseTokenizer.dylib
0x0000000001314000 	/usr/lib/libcmph.dylib
0x0000000001314000 	/usr/lib/libcompression.dylib
0x0000000001314000 	/System/Library/Frameworks/ServiceManagement.framework/Versions/A/ServiceManagement
0x0000000001314000 	/usr/lib/libxslt.1.dylib
0x0000000001314000 	/System/Library/Frameworks/Carbon.framework/Versions/A/Frameworks/Ink.framework/Versions/A/Ink
0x0000000001314000 	/usr/lib/libFosl_dynamic.dylib
0x0000000001314000 	/System/Library/PrivateFrameworks/FaceCore.framework/Versions/A/FaceCore
0x0000000001314000 	/System/Library/Frameworks/OpenCL.framework/Versions/A/OpenCL
0x0000000001314000 	/System/Library/PrivateFrameworks/CrashReporterSupport.framework/Versions/A/CrashReporterSupport
0x0000000001314000 	/System/Library/PrivateFrameworks/IconServices.framework/Versions/A/IconServices
0x0000000001314000 	/System/Library/PrivateFrameworks/Apple80211.framework/Versions/A/Apple80211
0x0000000001314000 	/System/Library/Frameworks/CoreWLAN.framework/Versions/A/CoreWLAN
0x0000000001314000 	/System/Library/Frameworks/IOBluetooth.framework/Versions/A/IOBluetooth
0x0000000001314000 	/System/Library/PrivateFrameworks/CoreWiFi.framework/Versions/A/CoreWiFi
0x0000000001314000 	/System/Library/Frameworks/CoreBluetooth.framework/Versions/A/CoreBluetooth
0x0000000001314000 	/System/Library/PrivateFrameworks/ChunkingLibrary.framework/Versions/A/ChunkingLibrary
0x0000000001314000 	/System/Library/PrivateFrameworks/DebugSymbols.framework/Versions/A/DebugSymbols
0x0000000001314000 	/System/Library/PrivateFrameworks/CoreSymbolication.framework/Versions/A/CoreSymbolication
0x0000000001314000 	/System/Library/PrivateFrameworks/Symbolication.framework/Versions/A/Symbolication
0x0000000001314000 	/System/Library/PrivateFrameworks/SpeechRecognitionCore.framework/Versions/A/SpeechRecognitionCore
0x000000010efe8000 	/Library/Java/JavaVirtualMachines/jdk1.8.0_77.jdk/Contents/Home/jre/lib/server/libjvm.dylib
0x0000000001314000 	/usr/lib/libstdc++.6.dylib
0x000000010ff77000 	/Library/Java/JavaVirtualMachines/jdk1.8.0_77.jdk/Contents/Home/jre/lib/libverify.dylib
0x000000010ff89000 	/Library/Java/JavaVirtualMachines/jdk1.8.0_77.jdk/Contents/Home/jre/lib/libjava.dylib
0x000000010ffc8000 	/Library/Java/JavaVirtualMachines/jdk1.8.0_77.jdk/Contents/Home/jre/lib/libzip.dylib
0x000000012613a000 	/System/Library/Frameworks/JavaVM.framework/Frameworks/JavaRuntimeSupport.framework/JavaRuntimeSupport
0x0000000126155000 	/System/Library/Frameworks/JavaVM.framework/Versions/A/Frameworks/JavaNativeFoundation.framework/Versions/A/JavaNativeFoundation
0x000000012616a000 	/System/Library/Frameworks/JavaVM.framework/Versions/A/JavaVM
0x0000000001314000 	/System/Library/Frameworks/Carbon.framework/Versions/A/Carbon
0x0000000126177000 	/System/Library/PrivateFrameworks/JavaLaunching.framework/Versions/A/JavaLaunching
0x0000000001314000 	/System/Library/Frameworks/Carbon.framework/Versions/A/Frameworks/CommonPanels.framework/Versions/A/CommonPanels
0x0000000001314000 	/System/Library/Frameworks/Carbon.framework/Versions/A/Frameworks/Help.framework/Versions/A/Help
0x0000000001314000 	/System/Library/Frameworks/Carbon.framework/Versions/A/Frameworks/ImageCapture.framework/Versions/A/ImageCapture
0x0000000001314000 	/System/Library/Frameworks/Carbon.framework/Versions/A/Frameworks/OpenScripting.framework/Versions/A/OpenScripting
0x0000000001314000 	/System/Library/Frameworks/Carbon.framework/Versions/A/Frameworks/Print.framework/Versions/A/Print
0x0000000001314000 	/System/Library/Frameworks/Carbon.framework/Versions/A/Frameworks/SecurityHI.framework/Versions/A/SecurityHI
0x0000000127aa7000 	/Library/Java/JavaVirtualMachines/jdk1.8.0_77.jdk/Contents/Home/jre/lib/libawt.dylib
0x0000000127b4f000 	/Library/Java/JavaVirtualMachines/jdk1.8.0_77.jdk/Contents/Home/jre/lib/./libmlib_image.dylib
0x0000000127c1b000 	/Library/Java/JavaVirtualMachines/jdk1.8.0_77.jdk/Contents/Home/jre/lib/libawt_lwawt.dylib
0x0000000127cd0000 	/Library/Java/JavaVirtualMachines/jdk1.8.0_77.jdk/Contents/Home/jre/lib/./libosxapp.dylib
0x0000000001314000 	/System/Library/Frameworks/ExceptionHandling.framework/Versions/A/ExceptionHandling
0x0000000001314000 	/System/Library/PrivateFrameworks/CoreServicesInternal.framework/Versions/A/CoreServicesInternal
0x0000000001314000 	/System/Library/Frameworks/CoreGraphics.framework/Versions/A/Resources/libRIP.A.dylib
0x0000000001314000 	/System/Library/Frameworks/Accelerate.framework/Versions/A/Frameworks/vImage.framework/Versions/A/Libraries/libCGInterfaces.dylib
0x0000000001314000 	/System/Library/Frameworks/CoreGraphics.framework/Versions/A/Resources/libCGXType.A.dylib
0x0000000001314000 	/System/Library/Frameworks/OpenCL.framework/Versions/A/Libraries/libcldcpuengine.dylib
0x0000000001314000 	/System/Library/PrivateFrameworks/DiskImages.framework/Versions/A/DiskImages
0x0000000001314000 	/System/Library/Frameworks/DiscRecording.framework/Versions/A/DiscRecording
0x0000000001314000 	/usr/lib/libcsfde.dylib
0x0000000001314000 	/usr/lib/libcurl.4.dylib
0x0000000001314000 	/System/Library/PrivateFrameworks/MediaKit.framework/Versions/A/MediaKit
0x0000000001314000 	/System/Library/PrivateFrameworks/ProtectedCloudStorage.framework/Versions/A/ProtectedCloudStorage
0x0000000001314000 	/usr/lib/libCoreStorage.dylib
0x0000000001314000 	/System/Library/PrivateFrameworks/EFILogin.framework/Versions/A/EFILogin
0x0000000001314000 	/usr/lib/libutil.dylib
0x0000000001314000 	/System/Library/PrivateFrameworks/FindMyDevice.framework/Versions/A/FindMyDevice
0x0000000001314000 	/System/Library/Frameworks/LDAP.framework/Versions/A/LDAP
0x0000000001314000 	/usr/lib/libsasl2.2.dylib
0x0000000001314000 	/System/Library/PrivateFrameworks/CoreDaemon.framework/Versions/B/CoreDaemon
0x0000000001314000 	/usr/lib/libcrypto.0.9.8.dylib
0x0000000001314000 	/System/Library/PrivateFrameworks/AppleSRP.framework/Versions/A/AppleSRP
0x0000000001314000 	/System/Library/PrivateFrameworks/TrustEvaluationAgent.framework/Versions/A/TrustEvaluationAgent
0x0000000129866000 	cl_kernels
0x0000000001314000 	/System/Library/Frameworks/OpenCL.framework/Versions/A/Libraries/ImageFormats/unorm8_bgra.dylib
0x0000000001314000 	/System/Library/Frameworks/OpenCL.framework/Versions/A/Libraries/ImageFormats/unorm8_rgba.dylib
0x0000000001314000 	/System/Library/PrivateFrameworks/FamilyControls.framework/Versions/A/FamilyControls
0x0000000001314000 	/System/Library/PrivateFrameworks/CommerceKit.framework/Versions/A/Frameworks/CommerceCore.framework/Versions/A/CommerceCore
0x0000000001314000 	/System/Library/PrivateFrameworks/SystemAdministration.framework/Versions/A/SystemAdministration
0x0000000001314000 	/System/Library/PrivateFrameworks/AppContainer.framework/Versions/A/AppContainer
0x0000000001314000 	/System/Library/PrivateFrameworks/SecCodeWrapper.framework/Versions/A/SecCodeWrapper
0x0000000001314000 	/System/Library/Frameworks/DirectoryService.framework/Versions/A/DirectoryService
0x0000000001314000 	/System/Library/PrivateFrameworks/LoginUIKit.framework/Versions/A/Frameworks/LoginUICore.framework/Versions/A/LoginUICore
0x0000000001314000 	/usr/lib/libodfde.dylib
0x000000012a941000 	/Library/Java/JavaVirtualMachines/jdk1.8.0_77.jdk/Contents/Home/jre/lib/libfontmanager.dylib
0x000000012a9a8000 	/Users/josevelasquez/Documents/3D/lwjgl-2.9.1/native/macosx/liblwjgl.jnilib
0x0000000128c69000 	/Library/Java/JavaVirtualMachines/jdk1.8.0_77.jdk/Contents/Home/jre/lib/libjawt.dylib
0x0000000001314000 	/System/Library/Frameworks/OpenGL.framework/Versions/A/Resources/GLEngine.bundle/GLEngine
0x0000000001314000 	/System/Library/Frameworks/OpenGL.framework/Versions/A/Libraries/libGLProgrammability.dylib
0x000000012aa27000 	/System/Library/Extensions/AppleIntelBDWGraphicsGLDriver.bundle/Contents/MacOS/AppleIntelBDWGraphicsGLDriver
0x0000000001314000 	/System/Library/PrivateFrameworks/GPUSupport.framework/Versions/A/Libraries/libGPUSupportMercury.dylib
0x0000000001314000 	/System/Library/Frameworks/OpenGL.framework/Versions/A/Resources/GLRendererFloat.bundle/GLRendererFloat

VM Arguments:
jvm_args: -Djava.library.path=/Users/josevelasquez/Documents/3D/lwjgl-2.9.1/native/macosx -Dfile.encoding=UTF-8 
java_command: physics.GameTestLoop
java_class_path (initial): /Users/josevelasquez/Documents/workspace/CrazyGolf/bin:/Users/josevelasquez/Documents/workspace/CrazyGolf/lib/jars/lwjgl_util.jar:/Users/josevelasquez/Documents/workspace/CrazyGolf/lib/jars/lwjgl.jar:/Users/josevelasquez/Documents/workspace/CrazyGolf/lib/jars/slick-util.jar:/Users/josevelasquez/Documents/3D/lwjgl-2.9.1/jar/AppleJavaExtensions.jar:/Users/josevelasquez/Documents/3D/lwjgl-2.9.1/jar/asm-debug-all.jar:/Users/josevelasquez/Documents/3D/lwjgl-2.9.1/jar/jinput.jar:/Users/josevelasquez/Documents/3D/lwjgl-2.9.1/jar/lwjgl_test.jar:/Users/josevelasquez/Documents/3D/lwjgl-2.9.1/jar/lwjgl_util_applet.jar:/Users/josevelasquez/Documents/3D/lwjgl-2.9.1/jar/lwjgl_util.jar:/Users/josevelasquez/Documents/3D/lwjgl-2.9.1/jar/lwjgl-debug.jar:/Users/josevelasquez/Documents/3D/lwjgl-2.9.1/jar/lwjgl.jar:/Users/josevelasquez/Documents/3D/lwjgl-2.9.1/jar/lzma.jar:/Users/josevelasquez/Documents/3D/lwjgl-2.9.1/slick-util.jar
Launcher Type: SUN_STANDARD

Environment Variables:
PATH=/usr/bin:/bin:/usr/sbin:/sbin
SHELL=/bin/bash

Signal Handlers:
SIGSEGV: [libjvm.dylib+0x5a6855], sa_mask[0]=11111111011111110111111111111111, sa_flags=SA_ONSTACK|SA_RESTART|SA_SIGINFO
SIGBUS: [libjvm.dylib+0x5a6855], sa_mask[0]=11111111011111110111111111111111, sa_flags=SA_RESTART|SA_SIGINFO
SIGFPE: [libjvm.dylib+0x4804ec], sa_mask[0]=11111111011111110111111111111111, sa_flags=SA_RESTART|SA_SIGINFO
SIGPIPE: [libjvm.dylib+0x4804ec], sa_mask[0]=11111111011111110111111111111111, sa_flags=SA_RESTART|SA_SIGINFO
SIGXFSZ: [libjvm.dylib+0x4804ec], sa_mask[0]=11111111011111110111111111111111, sa_flags=SA_RESTART|SA_SIGINFO
SIGILL: [libjvm.dylib+0x4804ec], sa_mask[0]=11111111011111110111111111111111, sa_flags=SA_RESTART|SA_SIGINFO
SIGUSR1: SIG_DFL, sa_mask[0]=00000000000000000000000000000000, sa_flags=none
SIGUSR2: [libjvm.dylib+0x48000a], sa_mask[0]=00100000000000000000000000000000, sa_flags=SA_RESTART|SA_SIGINFO
SIGHUP: [libjvm.dylib+0x47e5e1], sa_mask[0]=11111111011111110111111111111111, sa_flags=SA_RESTART|SA_SIGINFO
SIGINT: [libjvm.dylib+0x47e5e1], sa_mask[0]=11111111011111110111111111111111, sa_flags=SA_RESTART|SA_SIGINFO
SIGTERM: [libjvm.dylib+0x47e5e1], sa_mask[0]=11111111011111110111111111111111, sa_flags=SA_RESTART|SA_SIGINFO
SIGQUIT: [libjvm.dylib+0x47e5e1], sa_mask[0]=11111111011111110111111111111111, sa_flags=SA_RESTART|SA_SIGINFO


---------------  S Y S T E M  ---------------

OS:Bsduname:Darwin 15.2.0 Darwin Kernel Version 15.2.0: Fri Nov 13 19:56:56 PST 2015; root:xnu-3248.20.55~2/RELEASE_X86_64 x86_64
rlimit: STACK 8192k, CORE 0k, NPROC 709, NOFILE 10240, AS infinity
load average:1.71 1.49 1.48

CPU:total 4 (2 cores per cpu, 2 threads per core) family 6 model 61 stepping 4, cmov, cx8, fxsr, mmx, sse, sse2, sse3, ssse3, sse4.1, sse4.2, popcnt, avx, avx2, aes, clmul, erms, 3dnowpref, lzcnt, ht, tsc, tscinvbit, bmi1, bmi2, adx

Memory: 4k page, physical 8388608k(359996k free)

/proc/meminfo:


vm_info: Java HotSpot(TM) 64-Bit Server VM (25.77-b03) for bsd-amd64 JRE (1.8.0_77-b03), built on Mar 20 2016 22:14:03 by "java_re" with gcc 4.2.1 (Based on Apple Inc. build 5658) (LLVM build 2336.11.00)

time: Thu May 26 13:07:23 2016
elapsed time: 54 seconds (0d 0h 0m 54s)

